  Source.cpp
Source.obj : error LNK2019: unresolved external symbol _gladLoadGLLoader referenced in function _main
Source.obj : error LNK2019: unresolved external symbol _glfwInit referenced in function _main
Source.obj : error LNK2019: unresolved external symbol _glfwTerminate referenced in function _main
Source.obj : error LNK2019: unresolved external symbol _glfwWindowHint referenced in function _main
Source.obj : error LNK2019: unresolved external symbol _glfwCreateWindow referenced in function _main
Source.obj : error LNK2019: unresolved external symbol _glfwWindowShouldClose referenced in function _main
Source.obj : error LNK2019: unresolved external symbol _glfwSetWindowShouldClose referenced in function "void __cdecl processInput(struct GLFWwindow *)" (?processInput@@YAXPAUGLFWwindow@@@Z)
Source.obj : error LNK2019: unresolved external symbol _glfwSetFramebufferSizeCallback referenced in function _main
Source.obj : error LNK2019: unresolved external symbol _glfwPollEvents referenced in function _main
Source.obj : error LNK2019: unresolved external symbol _glfwSetInputMode referenced in function _main
Source.obj : error LNK2019: unresolved external symbol _glfwGetKey referenced in function "void __cdecl processInput(struct GLFWwindow *)" (?processInput@@YAXPAUGLFWwindow@@@Z)
Source.obj : error LNK2019: unresolved external symbol _glfwSetCursorPosCallback referenced in function _main
Source.obj : error LNK2019: unresolved external symbol _glfwSetScrollCallback referenced in function _main
Source.obj : error LNK2019: unresolved external symbol _glfwGetTime referenced in function _main
Source.obj : error LNK2019: unresolved external symbol _glfwMakeContextCurrent referenced in function _main
Source.obj : error LNK2019: unresolved external symbol _glfwSwapBuffers referenced in function _main
Source.obj : error LNK2019: unresolved external symbol _glfwGetProcAddress referenced in function _main
Source.obj : error LNK2019: unresolved external symbol _stbi_load referenced in function "unsigned int __cdecl TextureFromFile(char const *,class std::basic_string<char,struct std::char_traits<char>,class std::allocator<char> > const &,bool)" (?TextureFromFile@@YAIPBDABV?$basic_string@DU?$char_traits@D@std@@V?$allocator@D@2@@std@@_N@Z)
Source.obj : error LNK2019: unresolved external symbol _stbi_image_free referenced in function "unsigned int __cdecl TextureFromFile(char const *,class std::basic_string<char,struct std::char_traits<char>,class std::allocator<char> > const &,bool)" (?TextureFromFile@@YAIPBDABV?$basic_string@DU?$char_traits@D@std@@V?$allocator@D@2@@std@@_N@Z)
Source.obj : error LNK2001: unresolved external symbol _glad_glTexParameterfv
Source.obj : error LNK2001: unresolved external symbol _glad_glTexParameteri
Source.obj : error LNK2001: unresolved external symbol _glad_glTexImage2D
Source.obj : error LNK2001: unresolved external symbol _glad_glDrawBuffer
Source.obj : error LNK2001: unresolved external symbol _glad_glClear
Source.obj : error LNK2001: unresolved external symbol _glad_glClearColor
Source.obj : error LNK2001: unresolved external symbol _glad_glEnable
Source.obj : error LNK2001: unresolved external symbol _glad_glReadBuffer
Source.obj : error LNK2001: unresolved external symbol _glad_glViewport
Source.obj : error LNK2001: unresolved external symbol _glad_glDrawArrays
Source.obj : error LNK2001: unresolved external symbol _glad_glBindTexture
Source.obj : error LNK2001: unresolved external symbol _glad_glGenTextures
Source.obj : error LNK2001: unresolved external symbol _glad_glActiveTexture
Source.obj : error LNK2001: unresolved external symbol _glad_glBindBuffer
Source.obj : error LNK2001: unresolved external symbol _glad_glDeleteBuffers
Source.obj : error LNK2001: unresolved external symbol _glad_glGenBuffers
Source.obj : error LNK2001: unresolved external symbol _glad_glBufferData
Source.obj : error LNK2001: unresolved external symbol _glad_glAttachShader
Source.obj : error LNK2001: unresolved external symbol _glad_glCompileShader
Source.obj : error LNK2001: unresolved external symbol _glad_glCreateProgram
Source.obj : error LNK2001: unresolved external symbol _glad_glCreateShader
Source.obj : error LNK2001: unresolved external symbol _glad_glDeleteShader
Source.obj : error LNK2001: unresolved external symbol _glad_glEnableVertexAttribArray
Source.obj : error LNK2001: unresolved external symbol _glad_glGetProgramiv
Source.obj : error LNK2001: unresolved external symbol _glad_glGetProgramInfoLog
Source.obj : error LNK2001: unresolved external symbol _glad_glGetShaderiv
Source.obj : error LNK2001: unresolved external symbol _glad_glGetShaderInfoLog
Source.obj : error LNK2001: unresolved external symbol _glad_glGetUniformLocation
Source.obj : error LNK2001: unresolved external symbol _glad_glLinkProgram
Source.obj : error LNK2001: unresolved external symbol _glad_glShaderSource
Source.obj : error LNK2001: unresolved external symbol _glad_glUseProgram
Source.obj : error LNK2001: unresolved external symbol _glad_glUniform1f
Source.obj : error LNK2001: unresolved external symbol _glad_glUniform1i
Source.obj : error LNK2001: unresolved external symbol _glad_glUniform3fv
Source.obj : error LNK2001: unresolved external symbol _glad_glUniformMatrix4fv
Source.obj : error LNK2001: unresolved external symbol _glad_glVertexAttribPointer
Source.obj : error LNK2001: unresolved external symbol _glad_glBindFramebuffer
Source.obj : error LNK2001: unresolved external symbol _glad_glGenFramebuffers
Source.obj : error LNK2001: unresolved external symbol _glad_glFramebufferTexture2D
Source.obj : error LNK2001: unresolved external symbol _glad_glGenerateMipmap
Source.obj : error LNK2001: unresolved external symbol _glad_glBindVertexArray
Source.obj : error LNK2001: unresolved external symbol _glad_glDeleteVertexArrays
Source.obj : error LNK2001: unresolved external symbol _glad_glGenVertexArrays
D:\3d\shadow_mapping\Debug\shadow_mapping.exe : fatal error LNK1120: 62 unresolved externals
